<?xml version="1.0" encoding="UTF-8"?>
<!-- Generated by org.testng.reporters.JUnitXMLReporter -->
<testsuite ignored="0" hostname="LAPTOP-L1EEL2J1" failures="2" tests="7" name="Zara Website Test" time="61.221" errors="0" timestamp="2022-04-03T19:04:19 EDT">
  <testcase classname="com.rem.qa.testcases.LoginPageTest" name="createAccountTest" time="0.624"/>
  <testcase classname="com.rem.qa.testcases.LoginPageTest" name="forgotPasswordTest" time="0.308"/>
  <testcase classname="com.rem.qa.testcases.LoginPageTest" name="loginTest" time="0.692">
    <failure type="org.openqa.selenium.ElementClickInterceptedException" message="Element &amp;lt;button class=&amp;quot;button closed-for-sale-logon-view__form-button&amp;quot;&amp;gt; is not clickable at point (170,448) because another element &amp;lt;p id=&amp;quot;onetrust-policy-text&amp;quot;&amp;gt; obscures it
Build info: version: &amp;apos;4.1.1&amp;apos;, revision: &amp;apos;e8fcc2cecf&amp;apos;
System info: host: &amp;apos;LAPTOP-L1EEL2J1&amp;apos;, ip: &amp;apos;192.168.2.14&amp;apos;, os.name: &amp;apos;Windows 10&amp;apos;, os.arch: &amp;apos;amd64&amp;apos;, os.version: &amp;apos;10.0&amp;apos;, java.version: &amp;apos;15.0.1&amp;apos;
Driver info: org.openqa.selenium.firefox.FirefoxDriver
Command: [c2f71704-8f6d-4537-9891-136160eda69f, clickElement {id=7ad4212a-77ef-40ea-b4fe-5d4a01acee08}]
Capabilities {acceptInsecureCerts: true, browserName: firefox, browserVersion: 97.0.1, javascriptEnabled: true, moz:accessibilityChecks: false, moz:buildID: 20220216172458, moz:debuggerAddress: localhost:65239, moz:geckodriverVersion: 0.30.0, moz:headless: false, moz:processID: 2232, moz:profile: C:\Users\15199\AppData\Loca..., moz:shutdownTimeout: 60000, moz:useNonSpecCompliantPointerOrigin: false, moz:webdriverClick: true, pageLoadStrategy: normal, platform: WINDOWS, platformName: WINDOWS, platformVersion: 10.0, proxy: Proxy(), se:cdp: ws://localhost:65239/devtoo..., se:cdpVersion: 85, setWindowRect: true, strictFileInteractability: false, timeouts: {implicit: 0, pageLoad: 300000, script: 30000}, unhandledPromptBehavior: dismiss and notify}
Element: [[FirefoxDriver: firefox on WINDOWS (c2f71704-8f6d-4537-9891-136160eda69f)] -&amp;gt; xpath: //button[contains(@class,&amp;apos;button closed-for-sale-logon&amp;apos;)]]
Session ID: c2f71704-8f6d-4537-9891-136160eda69f">
      <![CDATA[org.openqa.selenium.ElementClickInterceptedException: Element <button class="button closed-for-sale-logon-view__form-button"> is not clickable at point (170,448) because another element <p id="onetrust-policy-text"> obscures it
Build info: version: '4.1.1', revision: 'e8fcc2cecf'
System info: host: 'LAPTOP-L1EEL2J1', ip: '192.168.2.14', os.name: 'Windows 10', os.arch: 'amd64', os.version: '10.0', java.version: '15.0.1'
Driver info: org.openqa.selenium.firefox.FirefoxDriver
Command: [c2f71704-8f6d-4537-9891-136160eda69f, clickElement {id=7ad4212a-77ef-40ea-b4fe-5d4a01acee08}]
Capabilities {acceptInsecureCerts: true, browserName: firefox, browserVersion: 97.0.1, javascriptEnabled: true, moz:accessibilityChecks: false, moz:buildID: 20220216172458, moz:debuggerAddress: localhost:65239, moz:geckodriverVersion: 0.30.0, moz:headless: false, moz:processID: 2232, moz:profile: C:\Users\15199\AppData\Loca..., moz:shutdownTimeout: 60000, moz:useNonSpecCompliantPointerOrigin: false, moz:webdriverClick: true, pageLoadStrategy: normal, platform: WINDOWS, platformName: WINDOWS, platformVersion: 10.0, proxy: Proxy(), se:cdp: ws://localhost:65239/devtoo..., se:cdpVersion: 85, setWindowRect: true, strictFileInteractability: false, timeouts: {implicit: 0, pageLoad: 300000, script: 30000}, unhandledPromptBehavior: dismiss and notify}
Element: [[FirefoxDriver: firefox on WINDOWS (c2f71704-8f6d-4537-9891-136160eda69f)] -> xpath: //button[contains(@class,'button closed-for-sale-logon')]]
Session ID: c2f71704-8f6d-4537-9891-136160eda69f
at org.openqa.selenium.remote.codec.w3c.W3CHttpResponseCodec.createException(W3CHttpResponseCodec.java:200)
at org.openqa.selenium.remote.codec.w3c.W3CHttpResponseCodec.decode(W3CHttpResponseCodec.java:133)
at org.openqa.selenium.remote.codec.w3c.W3CHttpResponseCodec.decode(W3CHttpResponseCodec.java:53)
at org.openqa.selenium.remote.HttpCommandExecutor.execute(HttpCommandExecutor.java:184)
at org.openqa.selenium.remote.service.DriverCommandExecutor.invokeExecute(DriverCommandExecutor.java:167)
at org.openqa.selenium.remote.service.DriverCommandExecutor.execute(DriverCommandExecutor.java:142)
at org.openqa.selenium.remote.RemoteWebDriver.execute(RemoteWebDriver.java:543)
at org.openqa.selenium.remote.RemoteWebElement.execute(RemoteWebElement.java:251)
at org.openqa.selenium.remote.RemoteWebElement.click(RemoteWebElement.java:77)
at org.openqa.selenium.support.events.EventFiringWebDriver$EventFiringWebElement.lambda$new$0(EventFiringWebDriver.java:414)
at com.sun.proxy.$Proxy20.click(Unknown Source)
at org.openqa.selenium.support.events.EventFiringWebDriver$EventFiringWebElement.click(EventFiringWebDriver.java:427)
at org.openqa.selenium.support.pagefactory.internal.LocatingElementHandler.invoke(LocatingElementHandler.java:52)
at com.sun.proxy.$Proxy19.click(Unknown Source)
at com.rem.qa.pages.LoginPage.login(LoginPage.java:41)
at com.rem.qa.testcases.LoginPageTest.loginTest(LoginPageTest.java:41)
at java.base/java.util.ArrayList.forEach(ArrayList.java:1511)
... Removed 40 stack frames]]>
    </failure>
  </testcase> <!-- loginTest -->
  <testcase classname="com.rem.qa.testcases.LoginPageTest" name="validateLoginPageTitleTest" time="0.006">
    <failure type="java.lang.AssertionError" message="expected [LOG IN / CREATE ACCOUNT - ZARA Canada - Official Website] but found [ZARA Canada | New Collection Online]">
      <![CDATA[java.lang.AssertionError: expected [LOG IN / CREATE ACCOUNT - ZARA Canada - Official Website] but found [ZARA Canada | New Collection Online]
at com.rem.qa.testcases.LoginPageTest.validateLoginPageTitleTest(LoginPageTest.java:35)
at java.base/java.util.ArrayList.forEach(ArrayList.java:1511)
... Removed 32 stack frames]]>
    </failure>
  </testcase> <!-- validateLoginPageTitleTest -->
  <testcase classname="com.rem.qa.testcases.HomePageTest" name="homePageTitleTest" time="0.01"/>
  <testcase classname="com.rem.qa.testcases.HomePageTest" name="zaraLogoTest" time="0.039"/>
  <testcase classname="com.rem.qa.testcases.HomePageTest" name="loginPageButtonTest" time="5.548"/>
</testsuite> <!-- Zara Website Test -->
