<?xml version="1.0" encoding="UTF-8"?>
<!-- Generated by org.testng.reporters.JUnitXMLReporter -->
<testsuite ignored="4" hostname="LAPTOP-L1EEL2J1" failures="1" tests="15" name="ZaraTest" time="150.544" errors="0" timestamp="2022-07-02T18:15:10 EDT">
  <testcase classname="com.rem.qa.testcases.LoginPageTest" name="loginTest" time="1.194"/>
  <testcase classname="com.rem.qa.testcases.LoginPageTest" name="loginTest" time="1.253"/>
  <testcase classname="com.rem.qa.testcases.LoginPageTest" name="loginTest" time="1.249"/>
  <testcase classname="com.rem.qa.testcases.LoginPageTest" name="loginTest" time="1.423"/>
  <testcase classname="com.rem.qa.testcases.HomePageTest" name="homePageTitleTest" time="0.011"/>
  <testcase classname="com.rem.qa.testcases.HomePageTest" name="zaraLogoTest" time="0.298"/>
  <testcase classname="com.rem.qa.testcases.HomePageTest" name="loginPageButtonTest" time="2.84"/>
  <testcase classname="com.rem.qa.testcases.SignUpPageTest" name="ValidateCompanyListSize" time="0.019"/>
  <testcase classname="com.rem.qa.testcases.SignUpPageTest" name="ValidateFollowUsListSize" time="0.016"/>
  <testcase classname="com.rem.qa.testcases.SignUpPageTest" name="ValidateHelpListSize" time="0.018"/>
  <testcase classname="com.rem.qa.testcases.SignUpPageTest" name="ValidatePoliciesListSize" time="0.01"/>
  <testcase classname="com.rem.qa.testcases.SignUpPageTest" name="createAccount" time="2.805">
    <failure type="org.openqa.selenium.ElementClickInterceptedException" message="Element &amp;lt;span&amp;gt; is not clickable at point (253,516) because another element &amp;lt;div class=&amp;quot;ReactModal__Overlay ReactModal__Overlay--after-open modal__overlay&amp;quot;&amp;gt; obscures it
Build info: version: &amp;apos;4.1.1&amp;apos;, revision: &amp;apos;e8fcc2cecf&amp;apos;
System info: host: &amp;apos;LAPTOP-L1EEL2J1&amp;apos;, ip: &amp;apos;10.14.0.2&amp;apos;, os.name: &amp;apos;Windows 10&amp;apos;, os.arch: &amp;apos;amd64&amp;apos;, os.version: &amp;apos;10.0&amp;apos;, java.version: &amp;apos;15.0.1&amp;apos;
Driver info: org.openqa.selenium.firefox.FirefoxDriver
Command: [e67112f9-8efb-4afc-9310-81587db3743b, clickElement {id=7e824008-01a8-4a35-9fc3-4fff15745ca5}]
Capabilities {acceptInsecureCerts: true, browserName: firefox, browserVersion: 101.0.1, javascriptEnabled: true, moz:accessibilityChecks: false, moz:buildID: 20220608170832, moz:debuggerAddress: localhost:58546, moz:geckodriverVersion: 0.30.0, moz:headless: false, moz:processID: 23768, moz:profile: C:\Users\15199\AppData\Loca..., moz:shutdownTimeout: 60000, moz:useNonSpecCompliantPointerOrigin: false, moz:webdriverClick: true, pageLoadStrategy: normal, platform: WINDOWS, platformName: WINDOWS, platformVersion: 10.0, proxy: Proxy(), se:cdp: ws://localhost:58546/devtoo..., se:cdpVersion: 85, setWindowRect: true, strictFileInteractability: false, timeouts: {implicit: 0, pageLoad: 300000, script: 30000}, unhandledPromptBehavior: dismiss and notify}
Element: [[FirefoxDriver: firefox on WINDOWS (e67112f9-8efb-4afc-9310-81587db3743b)] -&amp;gt; xpath: //span[text()=&amp;apos;Create Account&amp;apos;]]
Session ID: e67112f9-8efb-4afc-9310-81587db3743b">
      <![CDATA[org.openqa.selenium.ElementClickInterceptedException: Element <span> is not clickable at point (253,516) because another element <div class="ReactModal__Overlay ReactModal__Overlay--after-open modal__overlay"> obscures it
Build info: version: '4.1.1', revision: 'e8fcc2cecf'
System info: host: 'LAPTOP-L1EEL2J1', ip: '10.14.0.2', os.name: 'Windows 10', os.arch: 'amd64', os.version: '10.0', java.version: '15.0.1'
Driver info: org.openqa.selenium.firefox.FirefoxDriver
Command: [e67112f9-8efb-4afc-9310-81587db3743b, clickElement {id=7e824008-01a8-4a35-9fc3-4fff15745ca5}]
Capabilities {acceptInsecureCerts: true, browserName: firefox, browserVersion: 101.0.1, javascriptEnabled: true, moz:accessibilityChecks: false, moz:buildID: 20220608170832, moz:debuggerAddress: localhost:58546, moz:geckodriverVersion: 0.30.0, moz:headless: false, moz:processID: 23768, moz:profile: C:\Users\15199\AppData\Loca..., moz:shutdownTimeout: 60000, moz:useNonSpecCompliantPointerOrigin: false, moz:webdriverClick: true, pageLoadStrategy: normal, platform: WINDOWS, platformName: WINDOWS, platformVersion: 10.0, proxy: Proxy(), se:cdp: ws://localhost:58546/devtoo..., se:cdpVersion: 85, setWindowRect: true, strictFileInteractability: false, timeouts: {implicit: 0, pageLoad: 300000, script: 30000}, unhandledPromptBehavior: dismiss and notify}
Element: [[FirefoxDriver: firefox on WINDOWS (e67112f9-8efb-4afc-9310-81587db3743b)] -> xpath: //span[text()='Create Account']]
Session ID: e67112f9-8efb-4afc-9310-81587db3743b
at org.openqa.selenium.remote.codec.w3c.W3CHttpResponseCodec.createException(W3CHttpResponseCodec.java:200)
at org.openqa.selenium.remote.codec.w3c.W3CHttpResponseCodec.decode(W3CHttpResponseCodec.java:133)
at org.openqa.selenium.remote.codec.w3c.W3CHttpResponseCodec.decode(W3CHttpResponseCodec.java:53)
at org.openqa.selenium.remote.HttpCommandExecutor.execute(HttpCommandExecutor.java:184)
at org.openqa.selenium.remote.service.DriverCommandExecutor.invokeExecute(DriverCommandExecutor.java:167)
at org.openqa.selenium.remote.service.DriverCommandExecutor.execute(DriverCommandExecutor.java:142)
at org.openqa.selenium.remote.RemoteWebDriver.execute(RemoteWebDriver.java:543)
at org.openqa.selenium.remote.RemoteWebElement.execute(RemoteWebElement.java:251)
at org.openqa.selenium.remote.RemoteWebElement.click(RemoteWebElement.java:77)
at org.openqa.selenium.support.events.EventFiringWebDriver$EventFiringWebElement.lambda$new$0(EventFiringWebDriver.java:414)
at com.sun.proxy.$Proxy21.click(Unknown Source)
at org.openqa.selenium.support.events.EventFiringWebDriver$EventFiringWebElement.click(EventFiringWebDriver.java:427)
at org.openqa.selenium.support.pagefactory.internal.LocatingElementHandler.invoke(LocatingElementHandler.java:52)
at com.sun.proxy.$Proxy20.click(Unknown Source)
at com.rem.qa.pages.SignUpPage.submitCreateAccForm(SignUpPage.java:77)
at com.rem.qa.testcases.SignUpPageTest.createAccount(SignUpPageTest.java:51)
at java.base/java.util.ArrayList.forEach(ArrayList.java:1511)
... Removed 38 stack frames]]>
    </failure>
  </testcase> <!-- createAccount -->
  <testcase classname="com.rem.qa.testcases.SignUpPageTest" name="createAccount" time="3.474"/>
  <testcase classname="com.rem.qa.testcases.SignUpPageTest" name="createAccount" time="3.586"/>
  <testcase classname="com.rem.qa.testcases.SignUpPageTest" name="createAccount" time="3.574"/>
  <testcase classname="com.rem.qa.testcases.LoginPageTest" name="forgotPasswordTest" time="0.0">
    <ignored/>
  </testcase> <!-- forgotPasswordTest -->
  <testcase classname="com.rem.qa.testcases.LoginPageTest" name="validateLoginPageTitleTest" time="0.0">
    <ignored/>
  </testcase> <!-- validateLoginPageTitleTest -->
  <testcase classname="com.rem.qa.testcases.LoginPageTest" name="loginTest" time="0.0">
    <ignored/>
  </testcase> <!-- loginTest -->
  <testcase classname="com.rem.qa.testcases.LoginPageTest" name="createAccountTest" time="0.0">
    <ignored/>
  </testcase> <!-- createAccountTest -->
</testsuite> <!-- ZaraTest -->
