<html>
<head>
<title>TestNG:  ZaraTest</title>
<link href="../testng.css" rel="stylesheet" type="text/css" />
<link href="../my-testng.css" rel="stylesheet" type="text/css" />

<style type="text/css">
.log { display: none;} 
.stack-trace { display: none;} 
</style>
<script type="text/javascript">
<!--
function flip(e) {
  current = e.style.display;
  if (current == 'block') {
    e.style.display = 'none';
    return 0;
  }
  else {
    e.style.display = 'block';
    return 1;
  }
}

function toggleBox(szDivId, elem, msg1, msg2)
{
  var res = -1;  if (document.getElementById) {
    res = flip(document.getElementById(szDivId));
  }
  else if (document.all) {
    // this is the way old msie versions work
    res = flip(document.all[szDivId]);
  }
  if(elem) {
    if(res == 0) elem.innerHTML = msg1; else elem.innerHTML = msg2;
  }

}

function toggleAllBoxes() {
  if (document.getElementsByTagName) {
    d = document.getElementsByTagName('div');
    for (i = 0; i < d.length; i++) {
      if (d[i].className == 'log') {
        flip(d[i]);
      }
    }
  }
}

// -->
</script>

</head>
<body>
<h2 align='center'>ZaraTest</h2><table border='1' align="center">
<tr>
<td>Tests passed/Failed/Skipped:</td><td>14/1/0</td>
</tr><tr>
<td>Started on:</td><td>Sat Jul 02 18:12:39 EDT 2022</td>
</tr>
<tr><td>Total time:</td><td>150 seconds (150544 ms)</td>
</tr><tr>
<td>Included groups:</td><td></td>
</tr><tr>
<td>Excluded groups:</td><td></td>
</tr>
</table><p/>
<small><i>(Hover the method name to see the test class name)</i></small><p/>
<table width='100%' border='1' class='invocation-failed'>
<tr><td colspan='4' align='center'><b>FAILED TESTS</b></td></tr>
<tr><td><b>Test method</b></td>
<td width="30%"><b>Exception</b></td>
<td width="10%"><b>Time (seconds)</b></td>
<td><b>Instance</b></td>
</tr>
<tr>
<td title='com.rem.qa.testcases.SignUpPageTest.createAccount()'><b>createAccount</b><br>Test class: com.rem.qa.testcases.SignUpPageTest<br>Parameters: papsdpsap@gmail.com, Pass.412412312, Pass.412412312, Lina, Perry</td>
<td><div><pre>org.openqa.selenium.ElementClickInterceptedException: Element &lt;span&gt; is not clickable at point (253,516) because another element &lt;div class=&quot;ReactModal__Overlay ReactModal__Overlay--after-open modal__overlay&quot;&gt; obscures it
Build info: version: &apos;4.1.1&apos;, revision: &apos;e8fcc2cecf&apos;
System info: host: &apos;LAPTOP-L1EEL2J1&apos;, ip: &apos;10.14.0.2&apos;, os.name: &apos;Windows 10&apos;, os.arch: &apos;amd64&apos;, os.version: &apos;10.0&apos;, java.version: &apos;15.0.1&apos;
Driver info: org.openqa.selenium.firefox.FirefoxDriver
Command: [e67112f9-8efb-4afc-9310-81587db3743b, clickElement {id=7e824008-01a8-4a35-9fc3-4fff15745ca5}]
Capabilities {acceptInsecureCerts: true, browserName: firefox, browserVersion: 101.0.1, javascriptEnabled: true, moz:accessibilityChecks: false, moz:buildID: 20220608170832, moz:debuggerAddress: localhost:58546, moz:geckodriverVersion: 0.30.0, moz:headless: false, moz:processID: 23768, moz:profile: C:\Users\15199\AppData\Loca..., moz:shutdownTimeout: 60000, moz:useNonSpecCompliantPointerOrigin: false, moz:webdriverClick: true, pageLoadStrategy: normal, platform: WINDOWS, platformName: WINDOWS, platformVersion: 10.0, proxy: Proxy(), se:cdp: ws://localhost:58546/devtoo..., se:cdpVersion: 85, setWindowRect: true, strictFileInteractability: false, timeouts: {implicit: 0, pageLoad: 300000, script: 30000}, unhandledPromptBehavior: dismiss and notify}
Element: [[FirefoxDriver: firefox on WINDOWS (e67112f9-8efb-4afc-9310-81587db3743b)] -&gt; xpath: //span[text()=&apos;Create Account&apos;]]
Session ID: e67112f9-8efb-4afc-9310-81587db3743b
	at org.openqa.selenium.remote.codec.w3c.W3CHttpResponseCodec.createException(W3CHttpResponseCodec.java:200)
	at org.openqa.selenium.remote.codec.w3c.W3CHttpResponseCodec.decode(W3CHttpResponseCodec.java:133)
	at org.openqa.selenium.remote.codec.w3c.W3CHttpResponseCodec.decode(W3CHttpResponseCodec.java:53)
	at org.openqa.selenium.remote.HttpCommandExecutor.execute(HttpCommandExecutor.java:184)
	at org.openqa.selenium.remote.service.DriverCommandExecutor.invokeExecute(DriverCommandExecutor.java:167)
	at org.openqa.selenium.remote.service.DriverCommandExecutor.execute(DriverCommandExecutor.java:142)
	at org.openqa.selenium.remote.RemoteWebDriver.execute(RemoteWebDriver.java:543)
	at org.openqa.selenium.remote.RemoteWebElement.execute(RemoteWebElement.java:251)
	at org.openqa.selenium.remote.RemoteWebElement.click(RemoteWebElement.java:77)
	at org.openqa.selenium.support.events.EventFiringWebDriver$EventFiringWebElement.lambda$new$0(EventFiringWebDriver.java:414)
	at com.sun.proxy.$Proxy21.click(Unknown Source)
	at org.openqa.selenium.support.events.EventFiringWebDriver$EventFiringWebElement.click(EventFiringWebDriver.java:427)
	at org.openqa.selenium.support.pagefactory.internal.LocatingElementHandler.invoke(LocatingElementHandler.java:52)
	at com.sun.proxy.$Proxy20.click(Unknown Source)
	at com.rem.qa.pages.SignUpPage.submitCreateAccForm(SignUpPage.java:77)
	at com.rem.qa.testcases.SignUpPageTest.createAccount(SignUpPageTest.java:51)
	at java.base/java.util.ArrayList.forEach(ArrayList.java:1511)
... Removed 38 stack frames</pre></div><a href='#' onClick='toggleBox("stack-trace1814730197", this, "Click to show all stack frames", "Click to hide stack frames")'>Click to show all stack frames</a>
<div class='stack-trace' id='stack-trace1814730197'><pre>org.openqa.selenium.ElementClickInterceptedException: Element &lt;span&gt; is not clickable at point (253,516) because another element &lt;div class=&quot;ReactModal__Overlay ReactModal__Overlay--after-open modal__overlay&quot;&gt; obscures it
Build info: version: &apos;4.1.1&apos;, revision: &apos;e8fcc2cecf&apos;
System info: host: &apos;LAPTOP-L1EEL2J1&apos;, ip: &apos;10.14.0.2&apos;, os.name: &apos;Windows 10&apos;, os.arch: &apos;amd64&apos;, os.version: &apos;10.0&apos;, java.version: &apos;15.0.1&apos;
Driver info: org.openqa.selenium.firefox.FirefoxDriver
Command: [e67112f9-8efb-4afc-9310-81587db3743b, clickElement {id=7e824008-01a8-4a35-9fc3-4fff15745ca5}]
Capabilities {acceptInsecureCerts: true, browserName: firefox, browserVersion: 101.0.1, javascriptEnabled: true, moz:accessibilityChecks: false, moz:buildID: 20220608170832, moz:debuggerAddress: localhost:58546, moz:geckodriverVersion: 0.30.0, moz:headless: false, moz:processID: 23768, moz:profile: C:\Users\15199\AppData\Loca..., moz:shutdownTimeout: 60000, moz:useNonSpecCompliantPointerOrigin: false, moz:webdriverClick: true, pageLoadStrategy: normal, platform: WINDOWS, platformName: WINDOWS, platformVersion: 10.0, proxy: Proxy(), se:cdp: ws://localhost:58546/devtoo..., se:cdpVersion: 85, setWindowRect: true, strictFileInteractability: false, timeouts: {implicit: 0, pageLoad: 300000, script: 30000}, unhandledPromptBehavior: dismiss and notify}
Element: [[FirefoxDriver: firefox on WINDOWS (e67112f9-8efb-4afc-9310-81587db3743b)] -&gt; xpath: //span[text()=&apos;Create Account&apos;]]
Session ID: e67112f9-8efb-4afc-9310-81587db3743b
	at java.base/jdk.internal.reflect.NativeConstructorAccessorImpl.newInstance0(Native Method)
	at java.base/jdk.internal.reflect.NativeConstructorAccessorImpl.newInstance(NativeConstructorAccessorImpl.java:64)
	at java.base/jdk.internal.reflect.DelegatingConstructorAccessorImpl.newInstance(DelegatingConstructorAccessorImpl.java:45)
	at java.base/java.lang.reflect.Constructor.newInstanceWithCaller(Constructor.java:500)
	at java.base/java.lang.reflect.Constructor.newInstance(Constructor.java:481)
	at org.openqa.selenium.remote.codec.w3c.W3CHttpResponseCodec.createException(W3CHttpResponseCodec.java:200)
	at org.openqa.selenium.remote.codec.w3c.W3CHttpResponseCodec.decode(W3CHttpResponseCodec.java:133)
	at org.openqa.selenium.remote.codec.w3c.W3CHttpResponseCodec.decode(W3CHttpResponseCodec.java:53)
	at org.openqa.selenium.remote.HttpCommandExecutor.execute(HttpCommandExecutor.java:184)
	at org.openqa.selenium.remote.service.DriverCommandExecutor.invokeExecute(DriverCommandExecutor.java:167)
	at org.openqa.selenium.remote.service.DriverCommandExecutor.execute(DriverCommandExecutor.java:142)
	at org.openqa.selenium.remote.RemoteWebDriver.execute(RemoteWebDriver.java:543)
	at org.openqa.selenium.remote.RemoteWebElement.execute(RemoteWebElement.java:251)
	at org.openqa.selenium.remote.RemoteWebElement.click(RemoteWebElement.java:77)
	at jdk.internal.reflect.GeneratedMethodAccessor6.invoke(Unknown Source)
	at java.base/jdk.internal.reflect.DelegatingMethodAccessorImpl.invoke(DelegatingMethodAccessorImpl.java:43)
	at java.base/java.lang.reflect.Method.invoke(Method.java:564)
	at org.openqa.selenium.support.events.EventFiringWebDriver$EventFiringWebElement.lambda$new$0(EventFiringWebDriver.java:414)
	at com.sun.proxy.$Proxy21.click(Unknown Source)
	at org.openqa.selenium.support.events.EventFiringWebDriver$EventFiringWebElement.click(EventFiringWebDriver.java:427)
	at jdk.internal.reflect.GeneratedMethodAccessor6.invoke(Unknown Source)
	at java.base/jdk.internal.reflect.DelegatingMethodAccessorImpl.invoke(DelegatingMethodAccessorImpl.java:43)
	at java.base/java.lang.reflect.Method.invoke(Method.java:564)
	at org.openqa.selenium.support.pagefactory.internal.LocatingElementHandler.invoke(LocatingElementHandler.java:52)
	at com.sun.proxy.$Proxy20.click(Unknown Source)
	at com.rem.qa.pages.SignUpPage.submitCreateAccForm(SignUpPage.java:77)
	at com.rem.qa.testcases.SignUpPageTest.createAccount(SignUpPageTest.java:51)
	at java.base/jdk.internal.reflect.NativeMethodAccessorImpl.invoke0(Native Method)
	at java.base/jdk.internal.reflect.NativeMethodAccessorImpl.invoke(NativeMethodAccessorImpl.java:64)
	at java.base/jdk.internal.reflect.DelegatingMethodAccessorImpl.invoke(DelegatingMethodAccessorImpl.java:43)
	at java.base/java.lang.reflect.Method.invoke(Method.java:564)
	at org.testng.internal.MethodInvocationHelper.invokeMethod(MethodInvocationHelper.java:133)
	at org.testng.internal.TestInvoker.invokeMethod(TestInvoker.java:584)
	at org.testng.internal.TestInvoker.invokeTestMethod(TestInvoker.java:172)
	at org.testng.internal.MethodRunner.runInSequence(MethodRunner.java:46)
	at org.testng.internal.TestInvoker$MethodInvocationAgent.invoke(TestInvoker.java:804)
	at org.testng.internal.TestInvoker.invokeTestMethods(TestInvoker.java:145)
	at org.testng.internal.TestMethodWorker.invokeTestMethods(TestMethodWorker.java:146)
	at org.testng.internal.TestMethodWorker.run(TestMethodWorker.java:128)
	at java.base/java.util.ArrayList.forEach(ArrayList.java:1511)
	at org.testng.TestRunner.privateRun(TestRunner.java:770)
	at org.testng.TestRunner.run(TestRunner.java:591)
	at org.testng.SuiteRunner.runTest(SuiteRunner.java:402)
	at org.testng.SuiteRunner.runSequentially(SuiteRunner.java:396)
	at org.testng.SuiteRunner.privateRun(SuiteRunner.java:355)
	at org.testng.SuiteRunner.run(SuiteRunner.java:304)
	at org.testng.SuiteRunnerWorker.runSuite(SuiteRunnerWorker.java:53)
	at org.testng.SuiteRunnerWorker.run(SuiteRunnerWorker.java:96)
	at org.testng.TestNG.runSuitesSequentially(TestNG.java:1180)
	at org.testng.TestNG.runSuitesLocally(TestNG.java:1102)
	at org.testng.TestNG.runSuites(TestNG.java:1032)
	at org.testng.TestNG.run(TestNG.java:1000)
	at org.testng.remote.AbstractRemoteTestNG.run(AbstractRemoteTestNG.java:115)
	at org.testng.remote.RemoteTestNG.initAndRun(RemoteTestNG.java:251)
	at org.testng.remote.RemoteTestNG.main(RemoteTestNG.java:77)
</pre></div></td>
<td>2</td>
<td>com.rem.qa.testcases.SignUpPageTest@3d5c822d</td></tr>
</table><p>
<table width='100%' border='1' class='invocation-passed'>
<tr><td colspan='4' align='center'><b>PASSED TESTS</b></td></tr>
<tr><td><b>Test method</b></td>
<td width="30%"><b>Exception</b></td>
<td width="10%"><b>Time (seconds)</b></td>
<td><b>Instance</b></td>
</tr>
<tr>
<td title='com.rem.qa.testcases.SignUpPageTest.ValidateCompanyListSize()'><b>ValidateCompanyListSize</b><br>Test class: com.rem.qa.testcases.SignUpPageTest</td>
<td></td>
<td>0</td>
<td>com.rem.qa.testcases.SignUpPageTest@3d5c822d</td></tr>
<tr>
<td title='com.rem.qa.testcases.SignUpPageTest.ValidateFollowUsListSize()'><b>ValidateFollowUsListSize</b><br>Test class: com.rem.qa.testcases.SignUpPageTest</td>
<td></td>
<td>0</td>
<td>com.rem.qa.testcases.SignUpPageTest@3d5c822d</td></tr>
<tr>
<td title='com.rem.qa.testcases.SignUpPageTest.ValidateHelpListSize()'><b>ValidateHelpListSize</b><br>Test class: com.rem.qa.testcases.SignUpPageTest</td>
<td></td>
<td>0</td>
<td>com.rem.qa.testcases.SignUpPageTest@3d5c822d</td></tr>
<tr>
<td title='com.rem.qa.testcases.SignUpPageTest.ValidatePoliciesListSize()'><b>ValidatePoliciesListSize</b><br>Test class: com.rem.qa.testcases.SignUpPageTest</td>
<td></td>
<td>0</td>
<td>com.rem.qa.testcases.SignUpPageTest@3d5c822d</td></tr>
<tr>
<td title='com.rem.qa.testcases.SignUpPageTest.createAccount()'><b>createAccount</b><br>Test class: com.rem.qa.testcases.SignUpPageTest<br>Parameters: xxaxsasxas@gmail.com, Pass.65654654, Pass.65654654, Simon, Lynn</td>
<td></td>
<td>3</td>
<td>com.rem.qa.testcases.SignUpPageTest@3d5c822d</td></tr>
<tr>
<td title='com.rem.qa.testcases.SignUpPageTest.createAccount()'><b>createAccount</b><br>Test class: com.rem.qa.testcases.SignUpPageTest<br>Parameters: crbrybtterfw@yahoo.com, Test_tty4553r43, Test_tty4553r43, Kelly, Soft</td>
<td></td>
<td>3</td>
<td>com.rem.qa.testcases.SignUpPageTest@3d5c822d</td></tr>
<tr>
<td title='com.rem.qa.testcases.SignUpPageTest.createAccount()'><b>createAccount</b><br>Test class: com.rem.qa.testcases.SignUpPageTest<br>Parameters: sfcftttedw33@hotmail.com, Test.21434112, Test.21434112, Mark, Walls</td>
<td></td>
<td>3</td>
<td>com.rem.qa.testcases.SignUpPageTest@3d5c822d</td></tr>
<tr>
<td title='com.rem.qa.testcases.HomePageTest.homePageTitleTest()'><b>homePageTitleTest</b><br>Test class: com.rem.qa.testcases.HomePageTest</td>
<td></td>
<td>0</td>
<td>com.rem.qa.testcases.HomePageTest@3c73951</td></tr>
<tr>
<td title='com.rem.qa.testcases.HomePageTest.loginPageButtonTest()'><b>loginPageButtonTest</b><br>Test class: com.rem.qa.testcases.HomePageTest</td>
<td></td>
<td>2</td>
<td>com.rem.qa.testcases.HomePageTest@3c73951</td></tr>
<tr>
<td title='com.rem.qa.testcases.LoginPageTest.loginTest()'><b>loginTest</b><br>Test class: com.rem.qa.testcases.LoginPageTest<br>Parameters: paresh@yahoo.com, pass@12123</td>
<td></td>
<td>1</td>
<td>com.rem.qa.testcases.LoginPageTest@759d26fb</td></tr>
<tr>
<td title='com.rem.qa.testcases.LoginPageTest.loginTest()'><b>loginTest</b><br>Test class: com.rem.qa.testcases.LoginPageTest<br>Parameters: p.ranaut@gmail.com, test#1212</td>
<td></td>
<td>1</td>
<td>com.rem.qa.testcases.LoginPageTest@759d26fb</td></tr>
<tr>
<td title='com.rem.qa.testcases.LoginPageTest.loginTest()'><b>loginTest</b><br>Test class: com.rem.qa.testcases.LoginPageTest<br>Parameters: m.pcg@gmail.com, 12312312w12</td>
<td></td>
<td>1</td>
<td>com.rem.qa.testcases.LoginPageTest@759d26fb</td></tr>
<tr>
<td title='com.rem.qa.testcases.LoginPageTest.loginTest()'><b>loginTest</b><br>Test class: com.rem.qa.testcases.LoginPageTest<br>Parameters: ereaeda@gmail.com, 2.1321412E7</td>
<td></td>
<td>1</td>
<td>com.rem.qa.testcases.LoginPageTest@759d26fb</td></tr>
<tr>
<td title='com.rem.qa.testcases.HomePageTest.zaraLogoTest()'><b>zaraLogoTest</b><br>Test class: com.rem.qa.testcases.HomePageTest</td>
<td></td>
<td>0</td>
<td>com.rem.qa.testcases.HomePageTest@3c73951</td></tr>
</table><p>
</body>
</html>